<?xml version="1.0" encoding="UTF-8"?>
<!-- Generated by org.testng.reporters.JUnitReportReporter -->
<testsuite hostname="DESKTOP-60U4M33" failures="0" tests="3" name="org.seleniumjavaautomation.browserstest.BrowsersTest" time="31.358" errors="0" timestamp="2023-12-16T19:58:16 IST" skipped="0">
  <testcase classname="org.seleniumjavaautomation.browserstest.BrowsersTest" name="testAppurl" time="9.396"/>
  <testcase classname="org.seleniumjavaautomation.browserstest.BrowsersTest" name="testSampleCal" time="5.447"/>
  <testcase classname="org.seleniumjavaautomation.browserstest.BrowsersTest" name="testElementEnabled" time="16.515"/>
</testsuite> <!-- org.seleniumjavaautomation.browserstest.BrowsersTest -->
