<?xml version="1.0" encoding="UTF-8"?>
<!-- Generated by org.testng.reporters.JUnitReportReporter -->
<testsuite hostname="DESKTOP-60U4M33" failures="0" tests="8" name="org.seleniumjavaautomation.locators.ElementLocatorsTest" time="79.655" errors="0" timestamp="2023-12-16T19:58:16 IST" skipped="1">
  <testcase classname="org.seleniumjavaautomation.locators.ElementLocatorsTest" name="testNameElementLoc" time="6.160"/>
  <testcase classname="org.seleniumjavaautomation.locators.ElementLocatorsTest" name="testCSSSelectorElementLoc" time="13.190"/>
  <testcase classname="org.seleniumjavaautomation.locators.ElementLocatorsTest" name="testClassNameElementLoc" time="5.633"/>
  <testcase classname="org.seleniumjavaautomation.locators.ElementLocatorsTest" name="testIDElementLoc" time="37.022"/>
  <testcase classname="org.seleniumjavaautomation.locators.ElementLocatorsTest" name="testXpathElementLoc" time="5.529"/>
  <testcase classname="org.seleniumjavaautomation.locators.ElementLocatorsTest" name="testLinkTextElementLoc" time="7.200"/>
  <testcase classname="org.seleniumjavaautomation.locators.ElementLocatorsTest" name="testTagNameElementLoc" time="4.921"/>
  <testcase classname="org.seleniumjavaautomation.locators.ElementLocatorsTest" name="testSubmitButton">
    <skipped/>
  </testcase> <!-- testSubmitButton -->
</testsuite> <!-- org.seleniumjavaautomation.locators.ElementLocatorsTest -->
