<?xml version="1.0" encoding="UTF-8"?>
<testsuite xmlns:xsi="http://www.w3.org/2001/XMLSchema-instance" xsi:noNamespaceSchemaLocation="https://maven.apache.org/surefire/maven-surefire-plugin/xsd/surefire-test-report.xsd" name="TestSuite" time="188.293" tests="35" errors="0" skipped="9" failures="7">
  <properties>
    <property name="java.specification.version" value="17"/>
    <property name="sun.cpu.isalist" value="amd64"/>
    <property name="sun.jnu.encoding" value="Cp1252"/>
    <property name="java.class.path" value="C:\Users\krish\eclipse-workspace\seleniumjavaautomation\target\test-classes;C:\Users\krish\eclipse-workspace\seleniumjavaautomation\target\classes;C:\Users\krish\.m2\repository\junit\junit\4.11\junit-4.11.jar;C:\Users\krish\.m2\repository\org\hamcrest\hamcrest-core\1.3\hamcrest-core-1.3.jar;C:\Users\krish\.m2\repository\org\seleniumhq\selenium\selenium-java\4.11.0\selenium-java-4.11.0.jar;C:\Users\krish\.m2\repository\org\seleniumhq\selenium\selenium-api\4.11.0\selenium-api-4.11.0.jar;C:\Users\krish\.m2\repository\org\seleniumhq\selenium\selenium-chrome-driver\4.11.0\selenium-chrome-driver-4.11.0.jar;C:\Users\krish\.m2\repository\com\google\auto\service\auto-service-annotations\1.0.1\auto-service-annotations-1.0.1.jar;C:\Users\krish\.m2\repository\org\seleniumhq\selenium\selenium-chromium-driver\4.11.0\selenium-chromium-driver-4.11.0.jar;C:\Users\krish\.m2\repository\org\seleniumhq\selenium\selenium-json\4.11.0\selenium-json-4.11.0.jar;C:\Users\krish\.m2\repository\org\seleniumhq\selenium\selenium-manager\4.11.0\selenium-manager-4.11.0.jar;C:\Users\krish\.m2\repository\org\seleniumhq\selenium\selenium-devtools-v113\4.11.0\selenium-devtools-v113-4.11.0.jar;C:\Users\krish\.m2\repository\org\seleniumhq\selenium\selenium-devtools-v114\4.11.0\selenium-devtools-v114-4.11.0.jar;C:\Users\krish\.m2\repository\org\seleniumhq\selenium\selenium-devtools-v115\4.11.0\selenium-devtools-v115-4.11.0.jar;C:\Users\krish\.m2\repository\org\seleniumhq\selenium\selenium-devtools-v85\4.11.0\selenium-devtools-v85-4.11.0.jar;C:\Users\krish\.m2\repository\org\seleniumhq\selenium\selenium-edge-driver\4.11.0\selenium-edge-driver-4.11.0.jar;C:\Users\krish\.m2\repository\org\seleniumhq\selenium\selenium-firefox-driver\4.11.0\selenium-firefox-driver-4.11.0.jar;C:\Users\krish\.m2\repository\org\seleniumhq\selenium\selenium-http\4.11.0\selenium-http-4.11.0.jar;C:\Users\krish\.m2\repository\dev\failsafe\failsafe\3.3.1\failsafe-3.3.1.jar;C:\Users\krish\.m2\repository\org\seleniumhq\selenium\selenium-ie-driver\4.11.0\selenium-ie-driver-4.11.0.jar;C:\Users\krish\.m2\repository\org\seleniumhq\selenium\selenium-remote-driver\4.11.0\selenium-remote-driver-4.11.0.jar;C:\Users\krish\.m2\repository\io\netty\netty-buffer\4.1.92.Final\netty-buffer-4.1.92.Final.jar;C:\Users\krish\.m2\repository\io\netty\netty-codec-http\4.1.92.Final\netty-codec-http-4.1.92.Final.jar;C:\Users\krish\.m2\repository\io\netty\netty-codec\4.1.92.Final\netty-codec-4.1.92.Final.jar;C:\Users\krish\.m2\repository\io\netty\netty-handler\4.1.92.Final\netty-handler-4.1.92.Final.jar;C:\Users\krish\.m2\repository\io\netty\netty-common\4.1.92.Final\netty-common-4.1.92.Final.jar;C:\Users\krish\.m2\repository\io\netty\netty-transport-classes-epoll\4.1.92.Final\netty-transport-classes-epoll-4.1.92.Final.jar;C:\Users\krish\.m2\repository\io\netty\netty-transport-classes-kqueue\4.1.92.Final\netty-transport-classes-kqueue-4.1.92.Final.jar;C:\Users\krish\.m2\repository\io\netty\netty-transport-native-epoll\4.1.92.Final\netty-transport-native-epoll-4.1.92.Final.jar;C:\Users\krish\.m2\repository\io\netty\netty-transport-native-kqueue\4.1.92.Final\netty-transport-native-kqueue-4.1.92.Final.jar;C:\Users\krish\.m2\repository\io\netty\netty-transport-native-unix-common\4.1.92.Final\netty-transport-native-unix-common-4.1.92.Final.jar;C:\Users\krish\.m2\repository\io\netty\netty-transport\4.1.92.Final\netty-transport-4.1.92.Final.jar;C:\Users\krish\.m2\repository\io\netty\netty-resolver\4.1.92.Final\netty-resolver-4.1.92.Final.jar;C:\Users\krish\.m2\repository\io\opentelemetry\opentelemetry-api\1.26.0\opentelemetry-api-1.26.0.jar;C:\Users\krish\.m2\repository\io\opentelemetry\opentelemetry-context\1.26.0\opentelemetry-context-1.26.0.jar;C:\Users\krish\.m2\repository\io\opentelemetry\opentelemetry-exporter-logging\1.26.0\opentelemetry-exporter-logging-1.26.0.jar;C:\Users\krish\.m2\repository\io\opentelemetry\opentelemetry-sdk-metrics\1.26.0\opentelemetry-sdk-metrics-1.26.0.jar;C:\Users\krish\.m2\repository\io\opentelemetry\opentelemetry-extension-incubator\1.26.0-alpha\opentelemetry-extension-incubator-1.26.0-alpha.jar;C:\Users\krish\.m2\repository\io\opentelemetry\opentelemetry-sdk-logs\1.26.0-alpha\opentelemetry-sdk-logs-1.26.0-alpha.jar;C:\Users\krish\.m2\repository\io\opentelemetry\opentelemetry-api-logs\1.26.0-alpha\opentelemetry-api-logs-1.26.0-alpha.jar;C:\Users\krish\.m2\repository\io\opentelemetry\opentelemetry-api-events\1.26.0-alpha\opentelemetry-api-events-1.26.0-alpha.jar;C:\Users\krish\.m2\repository\io\opentelemetry\opentelemetry-sdk-common\1.26.0\opentelemetry-sdk-common-1.26.0.jar;C:\Users\krish\.m2\repository\io\opentelemetry\opentelemetry-sdk-extension-autoconfigure-spi\1.26.0\opentelemetry-sdk-extension-autoconfigure-spi-1.26.0.jar;C:\Users\krish\.m2\repository\io\opentelemetry\opentelemetry-sdk-extension-autoconfigure\1.26.0-alpha\opentelemetry-sdk-extension-autoconfigure-1.26.0-alpha.jar;C:\Users\krish\.m2\repository\io\opentelemetry\opentelemetry-sdk-trace\1.26.0\opentelemetry-sdk-trace-1.26.0.jar;C:\Users\krish\.m2\repository\io\opentelemetry\opentelemetry-sdk\1.26.0\opentelemetry-sdk-1.26.0.jar;C:\Users\krish\.m2\repository\io\opentelemetry\opentelemetry-semconv\1.26.0-alpha\opentelemetry-semconv-1.26.0-alpha.jar;C:\Users\krish\.m2\repository\net\bytebuddy\byte-buddy\1.14.4\byte-buddy-1.14.4.jar;C:\Users\krish\.m2\repository\org\apache\commons\commons-exec\1.3\commons-exec-1.3.jar;C:\Users\krish\.m2\repository\org\asynchttpclient\async-http-client\2.12.3\async-http-client-2.12.3.jar;C:\Users\krish\.m2\repository\org\asynchttpclient\async-http-client-netty-utils\2.12.3\async-http-client-netty-utils-2.12.3.jar;C:\Users\krish\.m2\repository\io\netty\netty-codec-socks\4.1.60.Final\netty-codec-socks-4.1.60.Final.jar;C:\Users\krish\.m2\repository\io\netty\netty-handler-proxy\4.1.60.Final\netty-handler-proxy-4.1.60.Final.jar;C:\Users\krish\.m2\repository\io\netty\netty-transport-native-epoll\4.1.60.Final\netty-transport-native-epoll-4.1.60.Final-linux-x86_64.jar;C:\Users\krish\.m2\repository\io\netty\netty-transport-native-kqueue\4.1.60.Final\netty-transport-native-kqueue-4.1.60.Final-osx-x86_64.jar;C:\Users\krish\.m2\repository\org\reactivestreams\reactive-streams\1.0.3\reactive-streams-1.0.3.jar;C:\Users\krish\.m2\repository\com\typesafe\netty\netty-reactive-streams\2.0.4\netty-reactive-streams-2.0.4.jar;C:\Users\krish\.m2\repository\com\sun\activation\jakarta.activation\1.2.2\jakarta.activation-1.2.2.jar;C:\Users\krish\.m2\repository\org\seleniumhq\selenium\selenium-safari-driver\4.11.0\selenium-safari-driver-4.11.0.jar;C:\Users\krish\.m2\repository\org\seleniumhq\selenium\selenium-support\4.11.0\selenium-support-4.11.0.jar;C:\Users\krish\.m2\repository\org\testng\testng\7.8.0\testng-7.8.0.jar;C:\Users\krish\.m2\repository\org\slf4j\slf4j-api\1.7.36\slf4j-api-1.7.36.jar;C:\Users\krish\.m2\repository\com\beust\jcommander\1.82\jcommander-1.82.jar;C:\Users\krish\.m2\repository\org\webjars\jquery\3.6.1\jquery-3.6.1.jar;C:\Users\krish\.m2\repository\io\github\bonigarcia\webdrivermanager\5.5.3\webdrivermanager-5.5.3.jar;C:\Users\krish\.m2\repository\com\google\code\gson\gson\2.10.1\gson-2.10.1.jar;C:\Users\krish\.m2\repository\com\github\docker-java\docker-java\3.3.3\docker-java-3.3.3.jar;C:\Users\krish\.m2\repository\com\github\docker-java\docker-java-core\3.3.3\docker-java-core-3.3.3.jar;C:\Users\krish\.m2\repository\com\github\docker-java\docker-java-api\3.3.3\docker-java-api-3.3.3.jar;C:\Users\krish\.m2\repository\com\fasterxml\jackson\core\jackson-annotations\2.10.3\jackson-annotations-2.10.3.jar;C:\Users\krish\.m2\repository\org\apache\commons\commons-compress\1.21\commons-compress-1.21.jar;C:\Users\krish\.m2\repository\com\fasterxml\jackson\core\jackson-databind\2.10.3\jackson-databind-2.10.3.jar;C:\Users\krish\.m2\repository\com\fasterxml\jackson\core\jackson-core\2.10.3\jackson-core-2.10.3.jar;C:\Users\krish\.m2\repository\org\bouncycastle\bcpkix-jdk18on\1.75\bcpkix-jdk18on-1.75.jar;C:\Users\krish\.m2\repository\org\bouncycastle\bcprov-jdk18on\1.75\bcprov-jdk18on-1.75.jar;C:\Users\krish\.m2\repository\org\bouncycastle\bcutil-jdk18on\1.75\bcutil-jdk18on-1.75.jar;C:\Users\krish\.m2\repository\org\slf4j\jcl-over-slf4j\1.7.30\jcl-over-slf4j-1.7.30.jar;C:\Users\krish\.m2\repository\com\github\docker-java\docker-java-transport-httpclient5\3.3.3\docker-java-transport-httpclient5-3.3.3.jar;C:\Users\krish\.m2\repository\com\github\docker-java\docker-java-transport\3.3.3\docker-java-transport-3.3.3.jar;C:\Users\krish\.m2\repository\net\java\dev\jna\jna\5.12.1\jna-5.12.1.jar;C:\Users\krish\.m2\repository\org\brotli\dec\0.1.2\dec-0.1.2.jar;C:\Users\krish\.m2\repository\org\apache\commons\commons-lang3\3.13.0\commons-lang3-3.13.0.jar;C:\Users\krish\.m2\repository\org\apache\httpcomponents\client5\httpclient5\5.2.1\httpclient5-5.2.1.jar;C:\Users\krish\.m2\repository\org\apache\httpcomponents\core5\httpcore5\5.2\httpcore5-5.2.jar;C:\Users\krish\.m2\repository\org\apache\httpcomponents\core5\httpcore5-h2\5.2\httpcore5-h2-5.2.jar;C:\Users\krish\.m2\repository\org\seleniumhq\selenium\htmlunit-driver\4.11.0\htmlunit-driver-4.11.0.jar;C:\Users\krish\.m2\repository\net\sourceforge\htmlunit\htmlunit\2.70.0\htmlunit-2.70.0.jar;C:\Users\krish\.m2\repository\org\apache\httpcomponents\httpmime\4.5.14\httpmime-4.5.14.jar;C:\Users\krish\.m2\repository\org\apache\httpcomponents\httpclient\4.5.14\httpclient-4.5.14.jar;C:\Users\krish\.m2\repository\org\apache\httpcomponents\httpcore\4.4.16\httpcore-4.4.16.jar;C:\Users\krish\.m2\repository\net\sourceforge\htmlunit\htmlunit-core-js\2.70.0\htmlunit-core-js-2.70.0.jar;C:\Users\krish\.m2\repository\net\sourceforge\htmlunit\neko-htmlunit\2.70.0\neko-htmlunit-2.70.0.jar;C:\Users\krish\.m2\repository\net\sourceforge\htmlunit\htmlunit-cssparser\1.14.0\htmlunit-cssparser-1.14.0.jar;C:\Users\krish\.m2\repository\net\sourceforge\htmlunit\htmlunit-xpath\2.70.0\htmlunit-xpath-2.70.0.jar;C:\Users\krish\.m2\repository\org\apache\commons\commons-text\1.10.0\commons-text-1.10.0.jar;C:\Users\krish\.m2\repository\commons-io\commons-io\2.10.0\commons-io-2.10.0.jar;C:\Users\krish\.m2\repository\commons-logging\commons-logging\1.2\commons-logging-1.2.jar;C:\Users\krish\.m2\repository\commons-net\commons-net\3.9.0\commons-net-3.9.0.jar;C:\Users\krish\.m2\repository\commons-codec\commons-codec\1.15\commons-codec-1.15.jar;C:\Users\krish\.m2\repository\com\shapesecurity\salvation2\3.0.1\salvation2-3.0.1.jar;C:\Users\krish\.m2\repository\org\eclipse\jetty\websocket\websocket-client\9.4.50.v20221201\websocket-client-9.4.50.v20221201.jar;C:\Users\krish\.m2\repository\org\eclipse\jetty\jetty-client\9.4.50.v20221201\jetty-client-9.4.50.v20221201.jar;C:\Users\krish\.m2\repository\org\eclipse\jetty\jetty-http\9.4.50.v20221201\jetty-http-9.4.50.v20221201.jar;C:\Users\krish\.m2\repository\org\eclipse\jetty\jetty-util\9.4.50.v20221201\jetty-util-9.4.50.v20221201.jar;C:\Users\krish\.m2\repository\org\eclipse\jetty\jetty-io\9.4.50.v20221201\jetty-io-9.4.50.v20221201.jar;C:\Users\krish\.m2\repository\org\eclipse\jetty\websocket\websocket-common\9.4.50.v20221201\websocket-common-9.4.50.v20221201.jar;C:\Users\krish\.m2\repository\org\eclipse\jetty\websocket\websocket-api\9.4.50.v20221201\websocket-api-9.4.50.v20221201.jar;C:\Users\krish\.m2\repository\log4j\log4j\1.2.17\log4j-1.2.17.jar;C:\Users\krish\.m2\repository\net\sourceforge\jexcelapi\jxl\2.6.12\jxl-2.6.12.jar;C:\Users\krish\.m2\repository\com\google\inject\guice\7.0.0\guice-7.0.0.jar;C:\Users\krish\.m2\repository\jakarta\inject\jakarta.inject-api\2.0.1\jakarta.inject-api-2.0.1.jar;C:\Users\krish\.m2\repository\aopalliance\aopalliance\1.0\aopalliance-1.0.jar;C:\Users\krish\.m2\repository\com\google\guava\guava\31.0.1-jre\guava-31.0.1-jre.jar;C:\Users\krish\.m2\repository\com\google\guava\failureaccess\1.0.1\failureaccess-1.0.1.jar;C:\Users\krish\.m2\repository\com\google\guava\listenablefuture\9999.0-empty-to-avoid-conflict-with-guava\listenablefuture-9999.0-empty-to-avoid-conflict-with-guava.jar;C:\Users\krish\.m2\repository\com\google\code\findbugs\jsr305\3.0.2\jsr305-3.0.2.jar;C:\Users\krish\.m2\repository\org\checkerframework\checker-qual\3.12.0\checker-qual-3.12.0.jar;C:\Users\krish\.m2\repository\com\google\errorprone\error_prone_annotations\2.7.1\error_prone_annotations-2.7.1.jar;C:\Users\krish\.m2\repository\com\google\j2objc\j2objc-annotations\1.3\j2objc-annotations-1.3.jar;C:\Users\krish\.m2\repository\org\uncommons\reportng\1.1.4\reportng-1.1.4.jar;C:\Users\krish\.m2\repository\velocity\velocity\1.4\velocity-1.4.jar;C:\Users\krish\.m2\repository\velocity\velocity-dep\1.4\velocity-dep-1.4.jar;C:\Users\krish\.m2\repository\com\github\stephenc\monte\monte-screen-recorder\0.7.7.0\monte-screen-recorder-0.7.7.0.jar;"/>
    <property name="java.vm.vendor" value="Eclipse Adoptium"/>
    <property name="sun.arch.data.model" value="64"/>
    <property name="user.variant" value=""/>
    <property name="java.vendor.url" value="https://adoptium.net/"/>
    <property name="user.timezone" value="Asia/Calcutta"/>
    <property name="os.name" value="Windows 10"/>
    <property name="java.vm.specification.version" value="17"/>
    <property name="sun.java.launcher" value="SUN_STANDARD"/>
    <property name="user.country" value="IN"/>
    <property name="sun.boot.library.path" value="C:\Users\krish\Downloads\eclipse\plugins\org.eclipse.justj.openjdk.hotspot.jre.full.win32.x86_64_17.0.6.v20230204-1729\jre\bin"/>
    <property name="sun.java.command" value="C:\Users\krish\AppData\Local\Temp\surefire7623922132421194333\surefirebooter11563966924695933754.jar C:\Users\krish\AppData\Local\Temp\surefire7623922132421194333 2023-12-16T19-56-18_124-jvmRun1 surefire2863292841445989357tmp surefire_014083585227386302357tmp"/>
    <property name="jdk.debug" value="release"/>
    <property name="surefire.test.class.path" value="C:\Users\krish\eclipse-workspace\seleniumjavaautomation\target\test-classes;C:\Users\krish\eclipse-workspace\seleniumjavaautomation\target\classes;C:\Users\krish\.m2\repository\junit\junit\4.11\junit-4.11.jar;C:\Users\krish\.m2\repository\org\hamcrest\hamcrest-core\1.3\hamcrest-core-1.3.jar;C:\Users\krish\.m2\repository\org\seleniumhq\selenium\selenium-java\4.11.0\selenium-java-4.11.0.jar;C:\Users\krish\.m2\repository\org\seleniumhq\selenium\selenium-api\4.11.0\selenium-api-4.11.0.jar;C:\Users\krish\.m2\repository\org\seleniumhq\selenium\selenium-chrome-driver\4.11.0\selenium-chrome-driver-4.11.0.jar;C:\Users\krish\.m2\repository\com\google\auto\service\auto-service-annotations\1.0.1\auto-service-annotations-1.0.1.jar;C:\Users\krish\.m2\repository\org\seleniumhq\selenium\selenium-chromium-driver\4.11.0\selenium-chromium-driver-4.11.0.jar;C:\Users\krish\.m2\repository\org\seleniumhq\selenium\selenium-json\4.11.0\selenium-json-4.11.0.jar;C:\Users\krish\.m2\repository\org\seleniumhq\selenium\selenium-manager\4.11.0\selenium-manager-4.11.0.jar;C:\Users\krish\.m2\repository\org\seleniumhq\selenium\selenium-devtools-v113\4.11.0\selenium-devtools-v113-4.11.0.jar;C:\Users\krish\.m2\repository\org\seleniumhq\selenium\selenium-devtools-v114\4.11.0\selenium-devtools-v114-4.11.0.jar;C:\Users\krish\.m2\repository\org\seleniumhq\selenium\selenium-devtools-v115\4.11.0\selenium-devtools-v115-4.11.0.jar;C:\Users\krish\.m2\repository\org\seleniumhq\selenium\selenium-devtools-v85\4.11.0\selenium-devtools-v85-4.11.0.jar;C:\Users\krish\.m2\repository\org\seleniumhq\selenium\selenium-edge-driver\4.11.0\selenium-edge-driver-4.11.0.jar;C:\Users\krish\.m2\repository\org\seleniumhq\selenium\selenium-firefox-driver\4.11.0\selenium-firefox-driver-4.11.0.jar;C:\Users\krish\.m2\repository\org\seleniumhq\selenium\selenium-http\4.11.0\selenium-http-4.11.0.jar;C:\Users\krish\.m2\repository\dev\failsafe\failsafe\3.3.1\failsafe-3.3.1.jar;C:\Users\krish\.m2\repository\org\seleniumhq\selenium\selenium-ie-driver\4.11.0\selenium-ie-driver-4.11.0.jar;C:\Users\krish\.m2\repository\org\seleniumhq\selenium\selenium-remote-driver\4.11.0\selenium-remote-driver-4.11.0.jar;C:\Users\krish\.m2\repository\io\netty\netty-buffer\4.1.92.Final\netty-buffer-4.1.92.Final.jar;C:\Users\krish\.m2\repository\io\netty\netty-codec-http\4.1.92.Final\netty-codec-http-4.1.92.Final.jar;C:\Users\krish\.m2\repository\io\netty\netty-codec\4.1.92.Final\netty-codec-4.1.92.Final.jar;C:\Users\krish\.m2\repository\io\netty\netty-handler\4.1.92.Final\netty-handler-4.1.92.Final.jar;C:\Users\krish\.m2\repository\io\netty\netty-common\4.1.92.Final\netty-common-4.1.92.Final.jar;C:\Users\krish\.m2\repository\io\netty\netty-transport-classes-epoll\4.1.92.Final\netty-transport-classes-epoll-4.1.92.Final.jar;C:\Users\krish\.m2\repository\io\netty\netty-transport-classes-kqueue\4.1.92.Final\netty-transport-classes-kqueue-4.1.92.Final.jar;C:\Users\krish\.m2\repository\io\netty\netty-transport-native-epoll\4.1.92.Final\netty-transport-native-epoll-4.1.92.Final.jar;C:\Users\krish\.m2\repository\io\netty\netty-transport-native-kqueue\4.1.92.Final\netty-transport-native-kqueue-4.1.92.Final.jar;C:\Users\krish\.m2\repository\io\netty\netty-transport-native-unix-common\4.1.92.Final\netty-transport-native-unix-common-4.1.92.Final.jar;C:\Users\krish\.m2\repository\io\netty\netty-transport\4.1.92.Final\netty-transport-4.1.92.Final.jar;C:\Users\krish\.m2\repository\io\netty\netty-resolver\4.1.92.Final\netty-resolver-4.1.92.Final.jar;C:\Users\krish\.m2\repository\io\opentelemetry\opentelemetry-api\1.26.0\opentelemetry-api-1.26.0.jar;C:\Users\krish\.m2\repository\io\opentelemetry\opentelemetry-context\1.26.0\opentelemetry-context-1.26.0.jar;C:\Users\krish\.m2\repository\io\opentelemetry\opentelemetry-exporter-logging\1.26.0\opentelemetry-exporter-logging-1.26.0.jar;C:\Users\krish\.m2\repository\io\opentelemetry\opentelemetry-sdk-metrics\1.26.0\opentelemetry-sdk-metrics-1.26.0.jar;C:\Users\krish\.m2\repository\io\opentelemetry\opentelemetry-extension-incubator\1.26.0-alpha\opentelemetry-extension-incubator-1.26.0-alpha.jar;C:\Users\krish\.m2\repository\io\opentelemetry\opentelemetry-sdk-logs\1.26.0-alpha\opentelemetry-sdk-logs-1.26.0-alpha.jar;C:\Users\krish\.m2\repository\io\opentelemetry\opentelemetry-api-logs\1.26.0-alpha\opentelemetry-api-logs-1.26.0-alpha.jar;C:\Users\krish\.m2\repository\io\opentelemetry\opentelemetry-api-events\1.26.0-alpha\opentelemetry-api-events-1.26.0-alpha.jar;C:\Users\krish\.m2\repository\io\opentelemetry\opentelemetry-sdk-common\1.26.0\opentelemetry-sdk-common-1.26.0.jar;C:\Users\krish\.m2\repository\io\opentelemetry\opentelemetry-sdk-extension-autoconfigure-spi\1.26.0\opentelemetry-sdk-extension-autoconfigure-spi-1.26.0.jar;C:\Users\krish\.m2\repository\io\opentelemetry\opentelemetry-sdk-extension-autoconfigure\1.26.0-alpha\opentelemetry-sdk-extension-autoconfigure-1.26.0-alpha.jar;C:\Users\krish\.m2\repository\io\opentelemetry\opentelemetry-sdk-trace\1.26.0\opentelemetry-sdk-trace-1.26.0.jar;C:\Users\krish\.m2\repository\io\opentelemetry\opentelemetry-sdk\1.26.0\opentelemetry-sdk-1.26.0.jar;C:\Users\krish\.m2\repository\io\opentelemetry\opentelemetry-semconv\1.26.0-alpha\opentelemetry-semconv-1.26.0-alpha.jar;C:\Users\krish\.m2\repository\net\bytebuddy\byte-buddy\1.14.4\byte-buddy-1.14.4.jar;C:\Users\krish\.m2\repository\org\apache\commons\commons-exec\1.3\commons-exec-1.3.jar;C:\Users\krish\.m2\repository\org\asynchttpclient\async-http-client\2.12.3\async-http-client-2.12.3.jar;C:\Users\krish\.m2\repository\org\asynchttpclient\async-http-client-netty-utils\2.12.3\async-http-client-netty-utils-2.12.3.jar;C:\Users\krish\.m2\repository\io\netty\netty-codec-socks\4.1.60.Final\netty-codec-socks-4.1.60.Final.jar;C:\Users\krish\.m2\repository\io\netty\netty-handler-proxy\4.1.60.Final\netty-handler-proxy-4.1.60.Final.jar;C:\Users\krish\.m2\repository\io\netty\netty-transport-native-epoll\4.1.60.Final\netty-transport-native-epoll-4.1.60.Final-linux-x86_64.jar;C:\Users\krish\.m2\repository\io\netty\netty-transport-native-kqueue\4.1.60.Final\netty-transport-native-kqueue-4.1.60.Final-osx-x86_64.jar;C:\Users\krish\.m2\repository\org\reactivestreams\reactive-streams\1.0.3\reactive-streams-1.0.3.jar;C:\Users\krish\.m2\repository\com\typesafe\netty\netty-reactive-streams\2.0.4\netty-reactive-streams-2.0.4.jar;C:\Users\krish\.m2\repository\com\sun\activation\jakarta.activation\1.2.2\jakarta.activation-1.2.2.jar;C:\Users\krish\.m2\repository\org\seleniumhq\selenium\selenium-safari-driver\4.11.0\selenium-safari-driver-4.11.0.jar;C:\Users\krish\.m2\repository\org\seleniumhq\selenium\selenium-support\4.11.0\selenium-support-4.11.0.jar;C:\Users\krish\.m2\repository\org\testng\testng\7.8.0\testng-7.8.0.jar;C:\Users\krish\.m2\repository\org\slf4j\slf4j-api\1.7.36\slf4j-api-1.7.36.jar;C:\Users\krish\.m2\repository\com\beust\jcommander\1.82\jcommander-1.82.jar;C:\Users\krish\.m2\repository\org\webjars\jquery\3.6.1\jquery-3.6.1.jar;C:\Users\krish\.m2\repository\io\github\bonigarcia\webdrivermanager\5.5.3\webdrivermanager-5.5.3.jar;C:\Users\krish\.m2\repository\com\google\code\gson\gson\2.10.1\gson-2.10.1.jar;C:\Users\krish\.m2\repository\com\github\docker-java\docker-java\3.3.3\docker-java-3.3.3.jar;C:\Users\krish\.m2\repository\com\github\docker-java\docker-java-core\3.3.3\docker-java-core-3.3.3.jar;C:\Users\krish\.m2\repository\com\github\docker-java\docker-java-api\3.3.3\docker-java-api-3.3.3.jar;C:\Users\krish\.m2\repository\com\fasterxml\jackson\core\jackson-annotations\2.10.3\jackson-annotations-2.10.3.jar;C:\Users\krish\.m2\repository\org\apache\commons\commons-compress\1.21\commons-compress-1.21.jar;C:\Users\krish\.m2\repository\com\fasterxml\jackson\core\jackson-databind\2.10.3\jackson-databind-2.10.3.jar;C:\Users\krish\.m2\repository\com\fasterxml\jackson\core\jackson-core\2.10.3\jackson-core-2.10.3.jar;C:\Users\krish\.m2\repository\org\bouncycastle\bcpkix-jdk18on\1.75\bcpkix-jdk18on-1.75.jar;C:\Users\krish\.m2\repository\org\bouncycastle\bcprov-jdk18on\1.75\bcprov-jdk18on-1.75.jar;C:\Users\krish\.m2\repository\org\bouncycastle\bcutil-jdk18on\1.75\bcutil-jdk18on-1.75.jar;C:\Users\krish\.m2\repository\org\slf4j\jcl-over-slf4j\1.7.30\jcl-over-slf4j-1.7.30.jar;C:\Users\krish\.m2\repository\com\github\docker-java\docker-java-transport-httpclient5\3.3.3\docker-java-transport-httpclient5-3.3.3.jar;C:\Users\krish\.m2\repository\com\github\docker-java\docker-java-transport\3.3.3\docker-java-transport-3.3.3.jar;C:\Users\krish\.m2\repository\net\java\dev\jna\jna\5.12.1\jna-5.12.1.jar;C:\Users\krish\.m2\repository\org\brotli\dec\0.1.2\dec-0.1.2.jar;C:\Users\krish\.m2\repository\org\apache\commons\commons-lang3\3.13.0\commons-lang3-3.13.0.jar;C:\Users\krish\.m2\repository\org\apache\httpcomponents\client5\httpclient5\5.2.1\httpclient5-5.2.1.jar;C:\Users\krish\.m2\repository\org\apache\httpcomponents\core5\httpcore5\5.2\httpcore5-5.2.jar;C:\Users\krish\.m2\repository\org\apache\httpcomponents\core5\httpcore5-h2\5.2\httpcore5-h2-5.2.jar;C:\Users\krish\.m2\repository\org\seleniumhq\selenium\htmlunit-driver\4.11.0\htmlunit-driver-4.11.0.jar;C:\Users\krish\.m2\repository\net\sourceforge\htmlunit\htmlunit\2.70.0\htmlunit-2.70.0.jar;C:\Users\krish\.m2\repository\org\apache\httpcomponents\httpmime\4.5.14\httpmime-4.5.14.jar;C:\Users\krish\.m2\repository\org\apache\httpcomponents\httpclient\4.5.14\httpclient-4.5.14.jar;C:\Users\krish\.m2\repository\org\apache\httpcomponents\httpcore\4.4.16\httpcore-4.4.16.jar;C:\Users\krish\.m2\repository\net\sourceforge\htmlunit\htmlunit-core-js\2.70.0\htmlunit-core-js-2.70.0.jar;C:\Users\krish\.m2\repository\net\sourceforge\htmlunit\neko-htmlunit\2.70.0\neko-htmlunit-2.70.0.jar;C:\Users\krish\.m2\repository\net\sourceforge\htmlunit\htmlunit-cssparser\1.14.0\htmlunit-cssparser-1.14.0.jar;C:\Users\krish\.m2\repository\net\sourceforge\htmlunit\htmlunit-xpath\2.70.0\htmlunit-xpath-2.70.0.jar;C:\Users\krish\.m2\repository\org\apache\commons\commons-text\1.10.0\commons-text-1.10.0.jar;C:\Users\krish\.m2\repository\commons-io\commons-io\2.10.0\commons-io-2.10.0.jar;C:\Users\krish\.m2\repository\commons-logging\commons-logging\1.2\commons-logging-1.2.jar;C:\Users\krish\.m2\repository\commons-net\commons-net\3.9.0\commons-net-3.9.0.jar;C:\Users\krish\.m2\repository\commons-codec\commons-codec\1.15\commons-codec-1.15.jar;C:\Users\krish\.m2\repository\com\shapesecurity\salvation2\3.0.1\salvation2-3.0.1.jar;C:\Users\krish\.m2\repository\org\eclipse\jetty\websocket\websocket-client\9.4.50.v20221201\websocket-client-9.4.50.v20221201.jar;C:\Users\krish\.m2\repository\org\eclipse\jetty\jetty-client\9.4.50.v20221201\jetty-client-9.4.50.v20221201.jar;C:\Users\krish\.m2\repository\org\eclipse\jetty\jetty-http\9.4.50.v20221201\jetty-http-9.4.50.v20221201.jar;C:\Users\krish\.m2\repository\org\eclipse\jetty\jetty-util\9.4.50.v20221201\jetty-util-9.4.50.v20221201.jar;C:\Users\krish\.m2\repository\org\eclipse\jetty\jetty-io\9.4.50.v20221201\jetty-io-9.4.50.v20221201.jar;C:\Users\krish\.m2\repository\org\eclipse\jetty\websocket\websocket-common\9.4.50.v20221201\websocket-common-9.4.50.v20221201.jar;C:\Users\krish\.m2\repository\org\eclipse\jetty\websocket\websocket-api\9.4.50.v20221201\websocket-api-9.4.50.v20221201.jar;C:\Users\krish\.m2\repository\log4j\log4j\1.2.17\log4j-1.2.17.jar;C:\Users\krish\.m2\repository\net\sourceforge\jexcelapi\jxl\2.6.12\jxl-2.6.12.jar;C:\Users\krish\.m2\repository\com\google\inject\guice\7.0.0\guice-7.0.0.jar;C:\Users\krish\.m2\repository\jakarta\inject\jakarta.inject-api\2.0.1\jakarta.inject-api-2.0.1.jar;C:\Users\krish\.m2\repository\aopalliance\aopalliance\1.0\aopalliance-1.0.jar;C:\Users\krish\.m2\repository\com\google\guava\guava\31.0.1-jre\guava-31.0.1-jre.jar;C:\Users\krish\.m2\repository\com\google\guava\failureaccess\1.0.1\failureaccess-1.0.1.jar;C:\Users\krish\.m2\repository\com\google\guava\listenablefuture\9999.0-empty-to-avoid-conflict-with-guava\listenablefuture-9999.0-empty-to-avoid-conflict-with-guava.jar;C:\Users\krish\.m2\repository\com\google\code\findbugs\jsr305\3.0.2\jsr305-3.0.2.jar;C:\Users\krish\.m2\repository\org\checkerframework\checker-qual\3.12.0\checker-qual-3.12.0.jar;C:\Users\krish\.m2\repository\com\google\errorprone\error_prone_annotations\2.7.1\error_prone_annotations-2.7.1.jar;C:\Users\krish\.m2\repository\com\google\j2objc\j2objc-annotations\1.3\j2objc-annotations-1.3.jar;C:\Users\krish\.m2\repository\org\uncommons\reportng\1.1.4\reportng-1.1.4.jar;C:\Users\krish\.m2\repository\velocity\velocity\1.4\velocity-1.4.jar;C:\Users\krish\.m2\repository\velocity\velocity-dep\1.4\velocity-dep-1.4.jar;C:\Users\krish\.m2\repository\com\github\stephenc\monte\monte-screen-recorder\0.7.7.0\monte-screen-recorder-0.7.7.0.jar;"/>
    <property name="sun.cpu.endian" value="little"/>
    <property name="user.home" value="C:\Users\krish"/>
    <property name="user.language" value="en"/>
    <property name="java.specification.vendor" value="Oracle Corporation"/>
    <property name="java.version.date" value="2023-01-17"/>
    <property name="java.home" value="C:\Users\krish\Downloads\eclipse\plugins\org.eclipse.justj.openjdk.hotspot.jre.full.win32.x86_64_17.0.6.v20230204-1729\jre"/>
    <property name="file.separator" value="\"/>
    <property name="style.color" value="always"/>
    <property name="basedir" value="C:\Users\krish\eclipse-workspace\seleniumjavaautomation"/>
    <property name="java.vm.compressedOopsMode" value="32-bit"/>
    <property name="line.separator" value="&#10;"/>
    <property name="java.vm.specification.vendor" value="Oracle Corporation"/>
    <property name="java.specification.name" value="Java Platform API Specification"/>
    <property name="surefire.real.class.path" value="C:\Users\krish\AppData\Local\Temp\surefire7623922132421194333\surefirebooter11563966924695933754.jar"/>
    <property name="user.script" value=""/>
    <property name="sun.management.compiler" value="HotSpot 64-Bit Tiered Compilers"/>
    <property name="java.runtime.version" value="17.0.6+10"/>
    <property name="user.name" value="krish"/>
    <property name="path.separator" value=";"/>
    <property name="os.version" value="10.0"/>
    <property name="java.runtime.name" value="OpenJDK Runtime Environment"/>
    <property name="file.encoding" value="Cp1252"/>
    <property name="java.vm.name" value="OpenJDK 64-Bit Server VM"/>
    <property name="java.vendor.version" value="Temurin-17.0.6+10"/>
    <property name="localRepository" value="C:\Users\krish\.m2\repository"/>
    <property name="java.vendor.url.bug" value="https://github.com/adoptium/adoptium-support/issues"/>
    <property name="java.io.tmpdir" value="C:\Users\krish\AppData\Local\Temp\"/>
    <property name="java.version" value="17.0.6"/>
    <property name="user.dir" value="C:\Users\krish\eclipse-workspace\seleniumjavaautomation"/>
    <property name="os.arch" value="amd64"/>
    <property name="java.vm.specification.name" value="Java Virtual Machine Specification"/>
    <property name="sun.os.patch.level" value=""/>
    <property name="native.encoding" value="Cp1252"/>
    <property name="java.library.path" value="C:\Users\krish\Downloads\eclipse\plugins\org.eclipse.justj.openjdk.hotspot.jre.full.win32.x86_64_17.0.6.v20230204-1729\jre\bin;C:\Windows\Sun\Java\bin;C:\Windows\system32;C:\Windows;C:/Users/krish/Downloads/eclipse//plugins/org.eclipse.justj.openjdk.hotspot.jre.full.win32.x86_64_17.0.9.v20231028-0858/jre/bin/server;C:/Users/krish/Downloads/eclipse//plugins/org.eclipse.justj.openjdk.hotspot.jre.full.win32.x86_64_17.0.9.v20231028-0858/jre/bin;C:\Program Files\Common Files\Oracle\Java\javapath;C:\Windows\system32;C:\Windows;C:\Windows\System32\Wbem;C:\Windows\System32\WindowsPowerShell\v1.0\;C:\Windows\System32\OpenSSH\;C:\Users\krish\Downloads\apache-maven-3.9.4\bin;C:\Program Files\Java\jdk-11\bin;C:\Users\krish\Downloads\apache-maven-3.9.4\bin;C:\Program Files\nodejs\;C:\Program Files\Git\cmd;C:\Program Files\MySQL\MySQL Shell 8.0\bin\;C:\Users\krish\AppData\Local\Microsoft\WindowsApps;C:\Users\krish\AppData\Roaming\npm;C:\Users\krish\Downloads\eclipse;;."/>
    <property name="java.vm.info" value="mixed mode"/>
    <property name="java.vendor" value="Eclipse Adoptium"/>
    <property name="java.vm.version" value="17.0.6+10"/>
    <property name="sun.io.unicode.encoding" value="UnicodeLittle"/>
    <property name="java.class.version" value="61.0"/>
  </properties>
  <testcase name="setUp" classname="com.seleniumjavaautomation.tests.JavascriptExecutorTests" time="1.702">
    <failure message="&#10;Parameter &apos;browser&apos; is required by BeforeClass on method setUp but has not been marked @Optional or defined&#10;" type="org.testng.TestNGException">org.testng.TestNGException: 

Parameter 'browser' is required by BeforeClass on method setUp but has not been marked @Optional or defined

</failure>
    <system-err><![CDATA[SLF4J: Failed to load class "org.slf4j.impl.StaticLoggerBinder".
SLF4J: Defaulting to no-operation (NOP) logger implementation
SLF4J: See http://www.slf4j.org/codes.html#StaticLoggerBinder for further details.
]]></system-err>
  </testcase>
  <testcase name="testJSEPageTitle" classname="com.seleniumjavaautomation.tests.JavascriptExecutorTests" time="0">
    <skipped message="&#10;Parameter &apos;browser&apos; is required by BeforeClass on method setUp but has not been marked @Optional or defined&#10;"/>
  </testcase>
  <testcase name="testJSEDomainName" classname="com.seleniumjavaautomation.tests.JavascriptExecutorTests" time="0">
    <skipped message="&#10;Parameter &apos;browser&apos; is required by BeforeClass on method setUp but has not been marked @Optional or defined&#10;"/>
  </testcase>
  <testcase name="testJSEAlertGenerate" classname="com.seleniumjavaautomation.tests.JavascriptExecutorTests" time="0">
    <skipped message="&#10;Parameter &apos;browser&apos; is required by BeforeClass on method setUp but has not been marked @Optional or defined&#10;"/>
  </testcase>
  <testcase name="teatDown" classname="com.seleniumjavaautomation.tests.JavascriptExecutorTests" time="0">
    <skipped/>
  </testcase>
  <testcase name="setUp" classname="com.seleniumjavaautomation.tests.MouseHoverEventTest" time="0.005">
    <failure message="&#10;Parameter &apos;browser&apos; is required by BeforeClass on method setUp but has not been marked @Optional or defined&#10;" type="org.testng.TestNGException">org.testng.TestNGException: 

Parameter 'browser' is required by BeforeClass on method setUp but has not been marked @Optional or defined

</failure>
  </testcase>
  <testcase name="testGeneratingMouseHover" classname="com.seleniumjavaautomation.tests.MouseHoverEventTest" time="0">
    <skipped message="&#10;Parameter &apos;browser&apos; is required by BeforeClass on method setUp but has not been marked @Optional or defined&#10;"/>
  </testcase>
  <testcase name="teatDown" classname="com.seleniumjavaautomation.tests.MouseHoverEventTest" time="0">
    <skipped/>
  </testcase>
  <testcase name="setUp" classname="com.seleniumjavaautomation.tests.ObjRepoCalcTest" time="0.004">
    <failure message="&#10;Parameter &apos;browser&apos; is required by BeforeClass on method setUp but has not been marked @Optional or defined&#10;" type="org.testng.TestNGException">org.testng.TestNGException: 

Parameter 'browser' is required by BeforeClass on method setUp but has not been marked @Optional or defined

</failure>
  </testcase>
  <testcase name="testObjRepoCalcTest" classname="com.seleniumjavaautomation.tests.ObjRepoCalcTest" time="0">
    <skipped message="&#10;Parameter &apos;browser&apos; is required by BeforeClass on method setUp but has not been marked @Optional or defined&#10;"/>
  </testcase>
  <testcase name="teatDown" classname="com.seleniumjavaautomation.tests.ObjRepoCalcTest" time="0">
    <skipped/>
  </testcase>
  <testcase name="testAppurl" classname="org.seleniumjavaautomation.browserstest.BrowsersTest" time="5.859"/>
  <testcase name="testElementEnabled" classname="org.seleniumjavaautomation.browserstest.BrowsersTest" time="4.07"/>
  <testcase name="testSampleCal" classname="org.seleniumjavaautomation.browserstest.BrowsersTest" time="1.803"/>
  <testcase name="testCSSSelectorElementLoc" classname="org.seleniumjavaautomation.locators.ElementLocatorsTest" time="6.014"/>
  <testcase name="testClassNameElementLoc" classname="org.seleniumjavaautomation.locators.ElementLocatorsTest" time="2.169"/>
  <testcase name="testIDElementLoc" classname="org.seleniumjavaautomation.locators.ElementLocatorsTest" time="33.195"/>
  <testcase name="testNameElementLoc" classname="org.seleniumjavaautomation.locators.ElementLocatorsTest" time="2.214"/>
  <testcase name="testXpathElementLoc" classname="org.seleniumjavaautomation.locators.ElementLocatorsTest" time="1.091"/>
  <testcase name="testLinkTextElementLoc" classname="org.seleniumjavaautomation.locators.ElementLocatorsTest" time="3.444"/>
  <testcase name="testTagNameElementLoc" classname="org.seleniumjavaautomation.locators.ElementLocatorsTest" time="1.456"/>
  <testcase name="testMethodClass1 on testMethodClass1(org.seleniumjavaautomation.junit.Junittest1)" classname="org.seleniumjavaautomation.junit.Junittest1" time="12.708"/>
  <testcase name="testMethod1 on testMethod1(org.seleniumjavaautomation.junit.Junittest2)" classname="org.seleniumjavaautomation.junit.Junittest2" time="10.052"/>
  <testcase name="testMethod2 on testMethod2(org.seleniumjavaautomation.junit.Junittest2)" classname="org.seleniumjavaautomation.junit.Junittest2" time="9.183"/>
  <testcase name="testMethod3 on testMethod3(org.seleniumjavaautomation.junit.Junittest2)" classname="org.seleniumjavaautomation.junit.Junittest2" time="5.772"/>
  <testcase name="testMethod4 on testMethod4(org.seleniumjavaautomation.junit.Junittest2)" classname="org.seleniumjavaautomation.junit.Junittest2" time="0">
    <skipped/>
  </testcase>
  <testcase name="testMethod1 on testMethod1(org.seleniumjavaautomation.junit.JunitBCAC)" classname="org.seleniumjavaautomation.junit.JunitBCAC" time="2.301"/>
  <testcase name="testMethod2 on testMethod2(org.seleniumjavaautomation.junit.JunitBCAC)" classname="org.seleniumjavaautomation.junit.JunitBCAC" time="2.179"/>
  <testcase name="testMethod3 on testMethod3(org.seleniumjavaautomation.junit.JunitBCAC)" classname="org.seleniumjavaautomation.junit.JunitBCAC" time="0.156"/>
  <testcase name="testJunitTimeoutException on testJunitTimeoutException(org.seleniumjavaautomation.junit.JunitTimeoutAndEcpectedExceptionTest)" classname="org.seleniumjavaautomation.junit.JunitTimeoutAndEcpectedExceptionTest" time="5.648">
    <failure message="test timed out after 2000 milliseconds" type="java.lang.Exception">java.lang.Exception: test timed out after 2000 milliseconds
	at app//org.seleniumjavaautomation.junit.JunitTimeoutAndEcpectedExceptionTest.testJunitTimeoutException(JunitTimeoutAndEcpectedExceptionTest.java:44)
</failure>
    <system-out><![CDATA[Chrome browser closed
Chrome browser launched successfully
Chrome browser closed
]]></system-out>
    <system-err><![CDATA[Dec 16, 2023 7:59:08 PM org.openqa.selenium.devtools.CdpVersionFinder findNearestMatch
WARNING: Unable to find CDP implementation matching 120
Dec 16, 2023 7:59:08 PM org.openqa.selenium.chromium.ChromiumDriver lambda$new$5
WARNING: Unable to find version of CDP to use for 120.0.6099.72. You may need to include a dependency on a specific version of the CDP using something similar to `org.seleniumhq.selenium:selenium-devtools-v86:4.11.0` where the version ("v86") matches the version of the chromium-based browser you're using and the version number of the artifact is the same as Selenium's.
]]></system-err>
  </testcase>
  <testcase name="testJunitTimeoutException on testJunitTimeoutException(org.seleniumjavaautomation.junit.JunitTimeoutAndEcpectedExceptionTest)" classname="org.seleniumjavaautomation.junit.JunitTimeoutAndEcpectedExceptionTest" time="5.583">
    <failure message="test timed out after 2000 milliseconds" type="java.lang.Exception">java.lang.Exception: test timed out after 2000 milliseconds
	at app//org.seleniumjavaautomation.junit.JunitTimeoutAndEcpectedExceptionTest.testJunitTimeoutException(JunitTimeoutAndEcpectedExceptionTest.java:44)
</failure>
    <system-out><![CDATA[Chrome browser launched successfully
Chrome browser closed
]]></system-out>
    <system-err><![CDATA[Dec 16, 2023 7:59:21 PM org.openqa.selenium.devtools.CdpVersionFinder findNearestMatch
WARNING: Unable to find CDP implementation matching 120
Dec 16, 2023 7:59:21 PM org.openqa.selenium.chromium.ChromiumDriver lambda$new$5
WARNING: Unable to find version of CDP to use for 120.0.6099.72. You may need to include a dependency on a specific version of the CDP using something similar to `org.seleniumhq.selenium:selenium-devtools-v86:4.11.0` where the version ("v86") matches the version of the chromium-based browser you're using and the version number of the artifact is the same as Selenium's.
]]></system-err>
  </testcase>
  <testcase name="exceptiontest1 on exceptiontest1(org.seleniumjavaautomation.junit.JunitTimeoutAndEcpectedExceptionTest)" classname="org.seleniumjavaautomation.junit.JunitTimeoutAndEcpectedExceptionTest" time="3.607">
    <failure type="java.lang.NullPointerException">java.lang.NullPointerException
	at org.seleniumjavaautomation.junit.JunitTimeoutAndEcpectedExceptionTest.exceptiontest1(JunitTimeoutAndEcpectedExceptionTest.java:52)
</failure>
    <system-out><![CDATA[Chrome browser launched successfully
Chrome browser closed
]]></system-out>
    <system-err><![CDATA[Dec 16, 2023 7:59:14 PM org.openqa.selenium.devtools.CdpVersionFinder findNearestMatch
WARNING: Unable to find CDP implementation matching 120
Dec 16, 2023 7:59:14 PM org.openqa.selenium.chromium.ChromiumDriver lambda$new$5
WARNING: Unable to find version of CDP to use for 120.0.6099.72. You may need to include a dependency on a specific version of the CDP using something similar to `org.seleniumhq.selenium:selenium-devtools-v86:4.11.0` where the version ("v86") matches the version of the chromium-based browser you're using and the version number of the artifact is the same as Selenium's.
]]></system-err>
  </testcase>
  <testcase name="exceptiontest1 on exceptiontest1(org.seleniumjavaautomation.junit.JunitTimeoutAndEcpectedExceptionTest)" classname="org.seleniumjavaautomation.junit.JunitTimeoutAndEcpectedExceptionTest" time="3.547">
    <failure type="java.lang.NullPointerException">java.lang.NullPointerException
	at org.seleniumjavaautomation.junit.JunitTimeoutAndEcpectedExceptionTest.exceptiontest1(JunitTimeoutAndEcpectedExceptionTest.java:52)
</failure>
    <system-out><![CDATA[Chrome browser launched successfully
Chrome browser closed
]]></system-out>
    <system-err><![CDATA[Dec 16, 2023 7:59:26 PM org.openqa.selenium.devtools.CdpVersionFinder findNearestMatch
WARNING: Unable to find CDP implementation matching 120
Dec 16, 2023 7:59:26 PM org.openqa.selenium.chromium.ChromiumDriver lambda$new$5
WARNING: Unable to find version of CDP to use for 120.0.6099.72. You may need to include a dependency on a specific version of the CDP using something similar to `org.seleniumhq.selenium:selenium-devtools-v86:4.11.0` where the version ("v86") matches the version of the chromium-based browser you're using and the version number of the artifact is the same as Selenium's.
]]></system-err>
  </testcase>
  <testcase name="exceptiontest2 on exceptiontest2(org.seleniumjavaautomation.junit.JunitTimeoutAndEcpectedExceptionTest)" classname="org.seleniumjavaautomation.junit.JunitTimeoutAndEcpectedExceptionTest" time="3.701"/>
  <testcase name="exceptiontest2 on exceptiontest2(org.seleniumjavaautomation.junit.JunitTimeoutAndEcpectedExceptionTest)" classname="org.seleniumjavaautomation.junit.JunitTimeoutAndEcpectedExceptionTest" time="3.696"/>
</testsuite>