<?xml version="1.0" encoding="UTF-8"?>
<!-- Generated by org.testng.reporters.JUnitReportReporter -->
<testsuite hostname="DESKTOP-60U4M33" failures="0" tests="3" name="org.seleniumjavaautomation.junit.JunitBCAC" time="141.168" errors="0" timestamp="2023-12-16T19:59:31 IST" skipped="0">
  <testcase classname="org.seleniumjavaautomation.junit.JunitBCAC" name="testMethod1" time="45.552"/>
  <testcase classname="org.seleniumjavaautomation.junit.JunitBCAC" name="testMethod3" time="47.886"/>
  <testcase classname="org.seleniumjavaautomation.junit.JunitBCAC" name="testMethod2" time="47.730"/>
</testsuite> <!-- org.seleniumjavaautomation.junit.JunitBCAC -->
