<?xml version="1.0" encoding="UTF-8"?>
<!-- Generated by org.testng.reporters.JUnitReportReporter -->
<testsuite hostname="DESKTOP-60U4M33" failures="0" tests="4" name="org.seleniumjavaautomation.junit.Junittest2" time="92.532" errors="0" timestamp="2023-12-16T19:59:31 IST" skipped="1">
  <testcase classname="org.seleniumjavaautomation.junit.Junittest2" name="testMethod1" time="22.794"/>
  <testcase classname="org.seleniumjavaautomation.junit.Junittest2" name="testMethod4" time="0.000">
    <skipped/>
  </testcase> <!-- testMethod4 -->
  <testcase classname="org.seleniumjavaautomation.junit.Junittest2" name="testMethod2" time="31.983"/>
  <testcase classname="org.seleniumjavaautomation.junit.Junittest2" name="testMethod3" time="37.755"/>
</testsuite> <!-- org.seleniumjavaautomation.junit.Junittest2 -->
