<?xml version="1.0" encoding="UTF-8"?>
<!-- Generated by org.testng.reporters.JUnitReportReporter -->
<testsuite hostname="DESKTOP-60U4M33" failures="0" tests="1" name="org.seleniumjavaautomation.junit.Junittest1" time="12.747" errors="0" timestamp="2023-12-16T19:59:31 IST" skipped="0">
  <testcase classname="org.seleniumjavaautomation.junit.Junittest1" name="testMethodClass1" time="12.747"/>
</testsuite> <!-- org.seleniumjavaautomation.junit.Junittest1 -->
