<?xml version="1.0" encoding="UTF-8"?>
<!-- Generated by org.testng.reporters.JUnitReportReporter -->
<testsuite hostname="DESKTOP-60U4M33" failures="0" tests="1" name="com.seleniumjavaautomation.tests.VerifyScrollPresentOnBrowser" time="10.082" errors="0" timestamp="2023-12-16T12:19:37 IST" skipped="0">
  <testcase classname="com.seleniumjavaautomation.tests.VerifyScrollPresentOnBrowser" name="testVerifyScrollPresentOnBrowser" time="10.082"/>
</testsuite> <!-- com.seleniumjavaautomation.tests.VerifyScrollPresentOnBrowser -->
