<?xml version="1.0" encoding="UTF-8"?>
<!-- Generated by org.testng.reporters.JUnitReportReporter -->
<testsuite hostname="DESKTOP-60U4M33" failures="0" tests="8" name="org.seleniumjavaautomation.locators.ElementLocatorsTest" time="68.685" errors="0" timestamp="2023-11-17T19:26:46 IST" skipped="1">
  <testcase classname="org.seleniumjavaautomation.locators.ElementLocatorsTest" name="testCSSSelectorElementLoc" time="5.461"/>
  <testcase classname="org.seleniumjavaautomation.locators.ElementLocatorsTest" name="testNameElementLoc" time="5.004"/>
  <testcase classname="org.seleniumjavaautomation.locators.ElementLocatorsTest" name="testIDElementLoc" time="34.312"/>
  <testcase classname="org.seleniumjavaautomation.locators.ElementLocatorsTest" name="testClassNameElementLoc" time="8.280"/>
  <testcase classname="org.seleniumjavaautomation.locators.ElementLocatorsTest" name="testXpathElementLoc" time="4.588"/>
  <testcase classname="org.seleniumjavaautomation.locators.ElementLocatorsTest" name="testLinkTextElementLoc" time="6.629"/>
  <testcase classname="org.seleniumjavaautomation.locators.ElementLocatorsTest" name="testTagNameElementLoc" time="4.411"/>
  <testcase classname="org.seleniumjavaautomation.locators.ElementLocatorsTest" name="testSubmitButton">
    <skipped/>
  </testcase> <!-- testSubmitButton -->
</testsuite> <!-- org.seleniumjavaautomation.locators.ElementLocatorsTest -->
