<?xml version="1.0" encoding="UTF-8"?>
<!-- Generated by org.testng.reporters.JUnitReportReporter -->
<testsuite hostname="DESKTOP-60U4M33" failures="0" tests="1" name="com.seleniumjavaautomation.tests.CapturingScreenshotPage" time="12.113" errors="0" timestamp="2023-11-18T18:09:33 IST" skipped="0">
  <testcase classname="com.seleniumjavaautomation.tests.CapturingScreenshotPage" name="testCaptureScreenshot" time="12.113"/>
</testsuite> <!-- com.seleniumjavaautomation.tests.CapturingScreenshotPage -->
