<?xml version="1.0" encoding="UTF-8"?>
<!-- Generated by org.testng.reporters.JUnitReportReporter -->
<testsuite hostname="DESKTOP-60U4M33" failures="0" tests="1" name="com.seleniumjavaautomation.tests.GetOrExtractAllLinks" time="5.423" errors="0" timestamp="2023-11-30T07:24:12 IST" skipped="0">
  <testcase classname="com.seleniumjavaautomation.tests.GetOrExtractAllLinks" name="testGetOrExtractAllLinks" time="5.423"/>
</testsuite> <!-- com.seleniumjavaautomation.tests.GetOrExtractAllLinks -->
