<?xml version="1.0" encoding="UTF-8"?>
<!-- Generated by org.testng.reporters.JUnitReportReporter -->
<testsuite hostname="DESKTOP-60U4M33" failures="0" tests="1" name="com.seleniumjavaautomation.tests.HandleUnExpectedAlerts" time="8.639" errors="0" timestamp="2023-11-19T15:08:14 IST" skipped="0">
  <testcase classname="com.seleniumjavaautomation.tests.HandleUnExpectedAlerts" name="testHandleUnExpectedAlerts" time="8.639"/>
</testsuite> <!-- com.seleniumjavaautomation.tests.HandleUnExpectedAlerts -->
