<?xml version="1.0" encoding="UTF-8"?>
<!-- Generated by org.testng.reporters.JUnitReportReporter -->
<testsuite hostname="DESKTOP-60U4M33" failures="0" tests="1" name="com.seleniumjavaautomation.tests.ZoomInZoomOut" time="5.936" errors="0" timestamp="2023-12-16T13:05:02 IST" skipped="0">
  <testcase classname="com.seleniumjavaautomation.tests.ZoomInZoomOut" name="getScrollStatus" time="5.936"/>
</testsuite> <!-- com.seleniumjavaautomation.tests.ZoomInZoomOut -->
