<?xml version="1.0" encoding="UTF-8"?>
<!-- Generated by org.testng.reporters.JUnitReportReporter -->
<testsuite hostname="DESKTOP-60U4M33" failures="0" tests="1" name="com.seleniumjavaautomation.tests.HandlingMultipleBrowserWindows" time="37.036" errors="0" timestamp="2023-11-19T14:04:14 IST" skipped="0">
  <testcase classname="com.seleniumjavaautomation.tests.HandlingMultipleBrowserWindows" name="testMultipleWindowsHandles" time="37.036"/>
</testsuite> <!-- com.seleniumjavaautomation.tests.HandlingMultipleBrowserWindows -->
