<?xml version="1.0" encoding="UTF-8"?>
<!-- Generated by org.testng.reporters.JUnitReportReporter -->
<testsuite hostname="DESKTOP-60U4M33" failures="0" tests="1" name="org.seleniumjavaautomation.waits.SeleniumWaits" time="21.870" errors="0" timestamp="2023-11-16T19:57:27 IST" skipped="0">
  <testcase classname="org.seleniumjavaautomation.waits.SeleniumWaits" name="testWebDriverWaitForTitle" time="21.870"/>
</testsuite> <!-- org.seleniumjavaautomation.waits.SeleniumWaits -->
