<?xml version="1.0" encoding="UTF-8"?>
<!-- Generated by org.testng.reporters.JUnitReportReporter -->
<testsuite hostname="DESKTOP-60U4M33" failures="0" tests="1" name="com.seleniumjavaautomation.tests.DragAndDropElementByPixel" time="19.539" errors="0" timestamp="2023-12-11T19:16:56 IST" skipped="0">
  <testcase classname="com.seleniumjavaautomation.tests.DragAndDropElementByPixel" name="testDragAndDropElementByPixel" time="19.539"/>
</testsuite> <!-- com.seleniumjavaautomation.tests.DragAndDropElementByPixel -->
