<?xml version="1.0" encoding="UTF-8"?>
<!-- Generated by org.testng.reporters.JUnitReportReporter -->
<testsuite hostname="DESKTOP-60U4M33" failures="0" tests="1" name="com.seleniumjavaautomation.tests.ParameterizationExcelData" time="21.851" errors="0" timestamp="2023-12-11T17:57:11 IST" skipped="0">
  <testcase classname="com.seleniumjavaautomation.tests.ParameterizationExcelData" name="testParameterizationExcelData" time="21.851"/>
</testsuite> <!-- com.seleniumjavaautomation.tests.ParameterizationExcelData -->
