<?xml version="1.0" encoding="UTF-8"?>
<!-- Generated by org.testng.reporters.JUnitReportReporter -->
<testsuite hostname="DESKTOP-60U4M33" failures="0" tests="2" name="com.seleniumjavaautomation.tests.DragAndDrop" time="5.797" errors="0" timestamp="2023-12-11T18:57:26 IST" skipped="0">
  <testcase classname="com.seleniumjavaautomation.tests.DragAndDrop" name="testDragAndDrop" time="3.489"/>
  <testcase classname="com.seleniumjavaautomation.tests.DragAndDrop" name="testDragAndDrop2" time="2.308"/>
</testsuite> <!-- com.seleniumjavaautomation.tests.DragAndDrop -->
