<?xml version="1.0" encoding="UTF-8"?>
<!-- Generated by org.testng.reporters.JUnitReportReporter -->
<testsuite hostname="DESKTOP-60U4M33" failures="0" tests="1" name="com.seleniumjavaautomation.tests.ElementEnabledorDisabled" time="17.668" errors="0" timestamp="2023-11-19T14:32:00 IST" skipped="0">
  <testcase classname="com.seleniumjavaautomation.tests.ElementEnabledorDisabled" name="testElementEnabledorDisabled" time="17.668"/>
</testsuite> <!-- com.seleniumjavaautomation.tests.ElementEnabledorDisabled -->
