<?xml version="1.0" encoding="UTF-8"?>
<!-- Generated by org.testng.reporters.JUnitReportReporter -->
<testsuite hostname="DESKTOP-60U4M33" failures="0" tests="1" name="com.seleniumjavaautomation.tests.HighlightElement" time="12.889" errors="0" timestamp="2023-11-22T20:35:57 IST" skipped="0">
  <testcase classname="com.seleniumjavaautomation.tests.HighlightElement" name="testHighlightElement" time="12.889"/>
</testsuite> <!-- com.seleniumjavaautomation.tests.HighlightElement -->
