<?xml version="1.0" encoding="UTF-8"?>
<!-- Generated by org.testng.reporters.JUnitReportReporter -->
<testsuite hostname="DESKTOP-60U4M33" failures="0" tests="3" name="com.seleniumjavaautomation.tests.SetGetWindowPositionAndSize" time="18.539" errors="0" timestamp="2023-12-13T20:18:09 IST" skipped="0">
  <testcase classname="com.seleniumjavaautomation.tests.SetGetWindowPositionAndSize" name="getSizeAndPositionWindowDefault" time="6.056"/>
  <testcase classname="com.seleniumjavaautomation.tests.SetGetWindowPositionAndSize" name="setGetWinSize" time="6.326"/>
  <testcase classname="com.seleniumjavaautomation.tests.SetGetWindowPositionAndSize" name="setGetWinPosition" time="6.157"/>
</testsuite> <!-- com.seleniumjavaautomation.tests.SetGetWindowPositionAndSize -->
