<?xml version="1.0" encoding="UTF-8"?>
<!-- Generated by org.testng.reporters.JUnitReportReporter -->
<testsuite hostname="DESKTOP-60U4M33" failures="0" tests="1" name="com.seleniumjavaautomation.tests.HandlingDynamicWebTable" time="3.658" errors="0" timestamp="2023-11-30T08:27:36 IST" skipped="0">
  <testcase classname="com.seleniumjavaautomation.tests.HandlingDynamicWebTable" name="testHandlingDynamicWebTable" time="3.658"/>
</testsuite> <!-- com.seleniumjavaautomation.tests.HandlingDynamicWebTable -->
