<?xml version="1.0" encoding="UTF-8"?>
<!-- Generated by org.testng.reporters.JUnitReportReporter -->
<testsuite hostname="DESKTOP-60U4M33" failures="0" tests="1" name="com.seleniumjavaautomation.tests.ExtractOrReadTableData" time="3.474" errors="0" timestamp="2023-11-30T08:07:11 IST" skipped="0">
  <testcase classname="com.seleniumjavaautomation.tests.ExtractOrReadTableData" name="testExtractOrReadTableData" time="3.474"/>
</testsuite> <!-- com.seleniumjavaautomation.tests.ExtractOrReadTableData -->
