<?xml version="1.0" encoding="UTF-8"?>
<!-- Generated by org.testng.reporters.JUnitReportReporter -->
<testsuite hostname="DESKTOP-60U4M33" failures="0" tests="1" name="com.seleniumjavaautomation.tests.VerifyElementEnabledorDisabled" time="13.358" errors="0" timestamp="2023-11-29T18:42:02 IST" skipped="0">
  <testcase classname="com.seleniumjavaautomation.tests.VerifyElementEnabledorDisabled" name="testElementEnabledorDisabled" time="13.358"/>
</testsuite> <!-- com.seleniumjavaautomation.tests.VerifyElementEnabledorDisabled -->
