<?xml version="1.0" encoding="UTF-8"?>
<!-- Generated by org.testng.reporters.JUnitReportReporter -->
<testsuite hostname="DESKTOP-60U4M33" failures="0" tests="1" name="org.seleniumjavaautomation.browserstest.MozillaFirefoxTest" time="14.809" errors="0" timestamp="2023-11-15T17:22:04 IST" skipped="0">
  <testcase classname="org.seleniumjavaautomation.browserstest.MozillaFirefoxTest" name="testLaunchBrowser" time="14.809"/>
</testsuite> <!-- org.seleniumjavaautomation.browserstest.MozillaFirefoxTest -->
