<?xml version="1.0" encoding="UTF-8"?>
<!-- Generated by org.testng.reporters.JUnitReportReporter -->
<testsuite hostname="DESKTOP-60U4M33" failures="0" tests="1" name="com.seleniumjavaautomation.tests.DownloadAndSaveImageByActionRobotClass" time="8.416" errors="0" timestamp="2023-12-12T20:49:17 IST" skipped="0">
  <testcase classname="com.seleniumjavaautomation.tests.DownloadAndSaveImageByActionRobotClass" name="testDownloadAndSaveImageByActionRobotClass" time="8.416"/>
</testsuite> <!-- com.seleniumjavaautomation.tests.DownloadAndSaveImageByActionRobotClass -->
