<?xml version="1.0" encoding="UTF-8"?>
<!-- Generated by org.testng.reporters.JUnitReportReporter -->
<testsuite hostname="DESKTOP-60U4M33" failures="0" tests="3" name="org.seleniumjavaautomation.browserstest.BrowsersTest" time="20.674" errors="0" timestamp="2023-11-15T18:35:43 IST" skipped="0">
  <testcase classname="org.seleniumjavaautomation.browserstest.BrowsersTest" name="testAppurl" time="6.001"/>
  <testcase classname="org.seleniumjavaautomation.browserstest.BrowsersTest" name="testSampleCal" time="3.483"/>
  <testcase classname="org.seleniumjavaautomation.browserstest.BrowsersTest" name="testElementEnabled" time="11.190"/>
</testsuite> <!-- org.seleniumjavaautomation.browserstest.BrowsersTest -->
