<?xml version="1.0" encoding="UTF-8"?>
<!-- Generated by org.testng.reporters.JUnitReportReporter -->
<testsuite hostname="DESKTOP-60U4M33" failures="0" tests="1" name="com.seleniumjavaautomation.tests.CaptueElementScreenshotNew" time="3.713" errors="0" timestamp="2023-12-13T20:18:09 IST" skipped="0">
  <testcase classname="com.seleniumjavaautomation.tests.CaptueElementScreenshotNew" name="testCaptueElementScreenshotNew" time="3.713"/>
</testsuite> <!-- com.seleniumjavaautomation.tests.CaptueElementScreenshotNew -->
