<?xml version="1.0" encoding="UTF-8"?>
<!-- Generated by org.testng.reporters.JUnitReportReporter -->
<testsuite hostname="DESKTOP-60U4M33" failures="0" tests="1" name="com.seleniumjavaautomation.tests.ScrollDownUpBottomToElementWebPage" time="35.722" errors="0" timestamp="2023-12-16T07:53:57 IST" skipped="0">
  <testcase classname="com.seleniumjavaautomation.tests.ScrollDownUpBottomToElementWebPage" name="testScrollDownUpBottomToElementWebPage" time="35.722"/>
</testsuite> <!-- com.seleniumjavaautomation.tests.ScrollDownUpBottomToElementWebPage -->
