<?xml version="1.0" encoding="UTF-8"?>
<!-- Generated by org.testng.reporters.JUnitReportReporter -->
<testsuite hostname="DESKTOP-60U4M33" failures="0" tests="1" name="com.seleniumjavaautomation.tests.ExtractAllTextFields" time="6.756" errors="0" timestamp="2023-11-30T07:33:47 IST" skipped="0">
  <testcase classname="com.seleniumjavaautomation.tests.ExtractAllTextFields" name="testExtractAllTextFields" time="6.756"/>
</testsuite> <!-- com.seleniumjavaautomation.tests.ExtractAllTextFields -->
