<?xml version="1.0" encoding="UTF-8"?>
<!-- Generated by org.testng.reporters.JUnitReportReporter -->
<testsuite hostname="DESKTOP-60U4M33" failures="0" tests="3" name="com.seleniumjavaautomation.tests.JavascriptExecutorTests" time="29.221" errors="0" timestamp="2023-11-17T18:06:12 IST" skipped="0">
  <testcase classname="com.seleniumjavaautomation.tests.JavascriptExecutorTests" name="testJSEPageTitle" time="12.976"/>
  <testcase classname="com.seleniumjavaautomation.tests.JavascriptExecutorTests" name="testJSEDomainName" time="4.764"/>
  <testcase classname="com.seleniumjavaautomation.tests.JavascriptExecutorTests" name="testJSEAlertGenerate" time="11.481"/>
</testsuite> <!-- com.seleniumjavaautomation.tests.JavascriptExecutorTests -->
