<?xml version="1.0" encoding="UTF-8"?>
<!-- Generated by org.testng.reporters.JUnitReportReporter -->
<testsuite hostname="DESKTOP-60U4M33" failures="0" tests="1" name="com.seleniumjavaautomation.tests.ReadFontProperties" time="10.296" errors="0" timestamp="2023-11-19T15:54:22 IST" skipped="0">
  <testcase classname="com.seleniumjavaautomation.tests.ReadFontProperties" name="testReadFontProperties" time="10.296"/>
</testsuite> <!-- com.seleniumjavaautomation.tests.ReadFontProperties -->
