<?xml version="1.0" encoding="UTF-8"?>
<!-- Generated by org.testng.reporters.JUnitReportReporter -->
<testsuite hostname="DESKTOP-60U4M33" failures="0" tests="1" name="com.seleniumjavaautomation.tests.HandlingDownloadDiffFiles" time="57.624" errors="0" timestamp="2023-11-30T09:19:31 IST" skipped="0">
  <testcase classname="com.seleniumjavaautomation.tests.HandlingDownloadDiffFiles" name="testHandlingDownloadDiffFiles" time="57.624"/>
</testsuite> <!-- com.seleniumjavaautomation.tests.HandlingDownloadDiffFiles -->
