<?xml version="1.0" encoding="UTF-8"?>
<!-- Generated by org.testng.reporters.JUnitReportReporter -->
<testsuite hostname="DESKTOP-60U4M33" failures="0" tests="1" name="com.seleniumjavaautomation.tests.MouseHoverEventTest" time="13.603" errors="0" timestamp="2023-11-19T12:30:11 IST" skipped="0">
  <testcase classname="com.seleniumjavaautomation.tests.MouseHoverEventTest" name="testGeneratingMouseHover" time="13.603"/>
</testsuite> <!-- com.seleniumjavaautomation.tests.MouseHoverEventTest -->
