<?xml version="1.0" encoding="UTF-8"?>
<!-- Generated by org.testng.reporters.JUnitReportReporter -->
<testsuite hostname="DESKTOP-60U4M33" failures="0" tests="1" name="com.seleniumjavaautomation.tests.ScrollDownUpWebPage" time="35.464" errors="0" timestamp="2023-12-16T07:44:16 IST" skipped="0">
  <testcase classname="com.seleniumjavaautomation.tests.ScrollDownUpWebPage" name="testScrollDownUpBottomWebPage" time="35.464"/>
</testsuite> <!-- com.seleniumjavaautomation.tests.ScrollDownUpWebPage -->
