<?xml version="1.0" encoding="UTF-8"?>
<!-- Generated by org.testng.reporters.JUnitReportReporter -->
<testsuite hostname="DESKTOP-60U4M33" failures="0" tests="3" name="com.seleniumjavaautomation.testng.SetTestNGPriority" time="0.055" errors="0" timestamp="2023-12-12T18:55:45 IST" skipped="0">
  <testcase classname="com.seleniumjavaautomation.testng.SetTestNGPriority" name="Login" time="0.033"/>
  <testcase classname="com.seleniumjavaautomation.testng.SetTestNGPriority" name="checkMail" time="0.004"/>
  <testcase classname="com.seleniumjavaautomation.testng.SetTestNGPriority" name="LogOut" time="0.018"/>
</testsuite> <!-- com.seleniumjavaautomation.testng.SetTestNGPriority -->
