<?xml version="1.0" encoding="UTF-8"?>
<!-- Generated by org.testng.reporters.JUnitReportReporter -->
<testsuite hostname="DESKTOP-60U4M33" failures="0" tests="1" name="com.seleniumjavaautomation.tests.NavigationCommands" time="12.958" errors="0" timestamp="2023-11-18T15:33:01 IST" skipped="0">
  <testcase classname="com.seleniumjavaautomation.tests.NavigationCommands" name="testNavigationCommands" time="12.958"/>
</testsuite> <!-- com.seleniumjavaautomation.tests.NavigationCommands -->
